```log
===========================================================
Application Alert Log
Project : Linux DevOps Administration & Automation on AWS
Server  : AWS EC2 Ubuntu 24.04
Service : nginx
===========================================================

[2026-07-04 08:15:01] ALERT    : nginx service is DOWN.
[2026-07-04 08:15:02] ACTION   : Automatic restart initiated.
[2026-07-04 08:15:03] STATUS   : Restart completed successfully.
[2026-07-04 08:15:03] RESULT   : Service restored successfully.
-----------------------------------------------------------

[2026-07-04 08:35:01] ALERT    : nginx service is DOWN.
[2026-07-04 08:35:02] ACTION   : Automatic restart initiated.
[2026-07-04 08:35:03] STATUS   : Restart completed successfully.
[2026-07-04 08:35:03] RESULT   : Service restored successfully.
-----------------------------------------------------------

[2026-07-04 10:20:01] ALERT    : nginx service is DOWN.
[2026-07-04 10:20:02] ACTION   : Automatic restart initiated.
[2026-07-04 10:20:05] STATUS   : Restart failed.
[2026-07-04 10:20:05] ERROR    : Port 80 already in use by another process.
[2026-07-04 10:20:05] ACTION   : Manual intervention required.
-----------------------------------------------------------

[2026-07-04 10:28:42] INFO     : Administrator resolved port conflict.
[2026-07-04 10:28:45] ACTION   : nginx service restarted manually.
[2026-07-04 10:28:46] STATUS   : Service running normally.
-----------------------------------------------------------

[2026-07-04 13:10:01] ALERT    : nginx service is DOWN.
[2026-07-04 13:10:02] ACTION   : Automatic restart initiated.
[2026-07-04 13:10:03] STATUS   : Restart completed successfully.
[2026-07-04 13:10:03] RESULT   : Service restored successfully.
-----------------------------------------------------------

Daily Alert Summary
-----------------------------------------------------------
Total Alerts Generated      : 4
Automatic Restarts Success  : 3
Automatic Restarts Failed   : 1
Manual Interventions        : 1
Service Availability        : 99.8%
Overall Status              : STABLE
-----------------------------------------------------------

End of Alert Log
===========================================================
```
